[3.504s] DEBUG:colcon:Command line arguments: ['/usr/bin/colcon', 'build']
[3.504s] DEBUG:colcon:Parsed command line arguments: Namespace(log_base=None, log_level=None, verb_name='build', build_base='build', install_base='install', merge_install=False, symlink_install=False, test_result_base=None, continue_on_error=False, executor='parallel', parallel_workers=2, event_handlers=None, ignore_user_meta=False, metas=['./colcon.meta'], base_paths=['.'], packages_ignore=None, packages_ignore_regex=None, paths=None, packages_up_to=None, packages_up_to_regex=None, packages_above=None, packages_above_and_dependencies=None, packages_above_depth=None, packages_select_by_dep=None, packages_skip_by_dep=None, packages_skip_up_to=None, packages_select_build_failed=False, packages_skip_build_finished=False, packages_select_test_failures=False, packages_skip_test_passed=False, packages_select=None, packages_skip=None, packages_select_regex=None, packages_skip_regex=None, packages_start=None, packages_end=None, allow_overriding=[], cmake_args=None, cmake_target=None, cmake_target_skip_unavailable=False, cmake_clean_cache=False, cmake_clean_first=False, cmake_force_configure=False, ament_cmake_args=None, catkin_cmake_args=None, catkin_skip_building_tests=False, verb_parser=<colcon_defaults.argument_parser.defaults.DefaultArgumentsDecorator object at 0x7e8c484589a0>, verb_extension=<colcon_core.verb.build.BuildVerb object at 0x7e8c48458550>, main=<bound method BuildVerb.main of <colcon_core.verb.build.BuildVerb object at 0x7e8c48458550>>)
[6.561s] Level 1:colcon.colcon_core.package_discovery:discover_packages(colcon_meta) check parameters
[6.562s] Level 1:colcon.colcon_core.package_discovery:discover_packages(recursive) check parameters
[6.562s] Level 1:colcon.colcon_core.package_discovery:discover_packages(ignore) check parameters
[6.562s] Level 1:colcon.colcon_core.package_discovery:discover_packages(path) check parameters
[6.562s] Level 1:colcon.colcon_core.package_discovery:discover_packages(colcon_meta) discover
[6.562s] Level 1:colcon.colcon_core.package_discovery:discover_packages(recursive) discover
[6.562s] INFO:colcon.colcon_core.package_discovery:Crawling recursively for packages in '/home/cynthiawei1209/ros2_ws'
[6.562s] Level 1:colcon.colcon_core.package_identification:_identify(.) by extensions ['ignore', 'ignore_ament_install']
[6.563s] Level 1:colcon.colcon_core.package_identification:_identify(.) by extension 'ignore'
[6.563s] Level 1:colcon.colcon_core.package_identification:_identify(.) by extension 'ignore_ament_install'
[6.563s] Level 1:colcon.colcon_core.package_identification:_identify(.) by extensions ['colcon_pkg']
[6.563s] Level 1:colcon.colcon_core.package_identification:_identify(.) by extension 'colcon_pkg'
[6.565s] Level 1:colcon.colcon_core.package_identification:_identify(.) by extensions ['colcon_meta']
[6.565s] Level 1:colcon.colcon_core.package_identification:_identify(.) by extension 'colcon_meta'
[6.565s] Level 1:colcon.colcon_core.package_identification:_identify(.) by extensions ['ros']
[6.565s] Level 1:colcon.colcon_core.package_identification:_identify(.) by extension 'ros'
[6.823s] Level 1:colcon.colcon_core.package_identification:_identify(.) by extensions ['cmake', 'python']
[6.823s] Level 1:colcon.colcon_core.package_identification:_identify(.) by extension 'cmake'
[6.823s] Level 1:colcon.colcon_core.package_identification:_identify(.) by extension 'python'
[6.823s] Level 1:colcon.colcon_core.package_identification:_identify(.) by extensions ['python_setup_py']
[6.823s] Level 1:colcon.colcon_core.package_identification:_identify(.) by extension 'python_setup_py'
[6.825s] Level 1:colcon.colcon_core.package_identification:_identify(build) by extensions ['ignore', 'ignore_ament_install']
[6.825s] Level 1:colcon.colcon_core.package_identification:_identify(build) by extension 'ignore'
[6.825s] Level 1:colcon.colcon_core.package_identification:_identify(build) ignored
[6.828s] Level 1:colcon.colcon_core.package_identification:_identify(install) by extensions ['ignore', 'ignore_ament_install']
[6.828s] Level 1:colcon.colcon_core.package_identification:_identify(install) by extension 'ignore'
[6.828s] Level 1:colcon.colcon_core.package_identification:_identify(install) ignored
[6.828s] Level 1:colcon.colcon_core.package_identification:_identify(log) by extensions ['ignore', 'ignore_ament_install']
[6.828s] Level 1:colcon.colcon_core.package_identification:_identify(log) by extension 'ignore'
[6.829s] Level 1:colcon.colcon_core.package_identification:_identify(log) ignored
[6.829s] Level 1:colcon.colcon_core.package_identification:_identify(src) by extensions ['ignore', 'ignore_ament_install']
[6.829s] Level 1:colcon.colcon_core.package_identification:_identify(src) by extension 'ignore'
[6.829s] Level 1:colcon.colcon_core.package_identification:_identify(src) by extension 'ignore_ament_install'
[6.829s] Level 1:colcon.colcon_core.package_identification:_identify(src) by extensions ['colcon_pkg']
[6.829s] Level 1:colcon.colcon_core.package_identification:_identify(src) by extension 'colcon_pkg'
[6.829s] Level 1:colcon.colcon_core.package_identification:_identify(src) by extensions ['colcon_meta']
[6.829s] Level 1:colcon.colcon_core.package_identification:_identify(src) by extension 'colcon_meta'
[6.829s] Level 1:colcon.colcon_core.package_identification:_identify(src) by extensions ['ros']
[6.829s] Level 1:colcon.colcon_core.package_identification:_identify(src) by extension 'ros'
[6.831s] Level 1:colcon.colcon_core.package_identification:_identify(src) by extensions ['cmake', 'python']
[6.831s] Level 1:colcon.colcon_core.package_identification:_identify(src) by extension 'cmake'
[6.831s] Level 1:colcon.colcon_core.package_identification:_identify(src) by extension 'python'
[6.831s] Level 1:colcon.colcon_core.package_identification:_identify(src) by extensions ['python_setup_py']
[6.831s] Level 1:colcon.colcon_core.package_identification:_identify(src) by extension 'python_setup_py'
[6.831s] Level 1:colcon.colcon_core.package_identification:_identify(src/log) by extensions ['ignore', 'ignore_ament_install']
[6.831s] Level 1:colcon.colcon_core.package_identification:_identify(src/log) by extension 'ignore'
[6.835s] Level 1:colcon.colcon_core.package_identification:_identify(src/log) ignored
[6.839s] Level 1:colcon.colcon_core.package_identification:_identify(src/my_robot_description) by extensions ['ignore', 'ignore_ament_install']
[6.839s] Level 1:colcon.colcon_core.package_identification:_identify(src/my_robot_description) by extension 'ignore'
[6.839s] Level 1:colcon.colcon_core.package_identification:_identify(src/my_robot_description) by extension 'ignore_ament_install'
[6.839s] Level 1:colcon.colcon_core.package_identification:_identify(src/my_robot_description) by extensions ['colcon_pkg']
[6.839s] Level 1:colcon.colcon_core.package_identification:_identify(src/my_robot_description) by extension 'colcon_pkg'
[6.842s] Level 1:colcon.colcon_core.package_identification:_identify(src/my_robot_description) by extensions ['colcon_meta']
[6.842s] Level 1:colcon.colcon_core.package_identification:_identify(src/my_robot_description) by extension 'colcon_meta'
[6.842s] Level 1:colcon.colcon_core.package_identification:_identify(src/my_robot_description) by extensions ['ros']
[6.842s] Level 1:colcon.colcon_core.package_identification:_identify(src/my_robot_description) by extension 'ros'
[6.980s] DEBUG:colcon.colcon_core.package_identification:Package 'src/my_robot_description' with type 'ros.ament_cmake' and name 'my_robot_description'
[6.980s] Level 1:colcon.colcon_core.package_discovery:discover_packages(recursive) using defaults
[6.980s] Level 1:colcon.colcon_core.package_discovery:discover_packages(ignore) discover
[6.980s] Level 1:colcon.colcon_core.package_discovery:discover_packages(ignore) using defaults
[6.980s] Level 1:colcon.colcon_core.package_discovery:discover_packages(path) discover
[6.980s] Level 1:colcon.colcon_core.package_discovery:discover_packages(path) using defaults
[7.495s] Level 1:colcon.colcon_core.package_discovery:discover_packages(prefix_path) check parameters
[7.495s] Level 1:colcon.colcon_core.package_discovery:discover_packages(prefix_path) discover
[7.514s] DEBUG:colcon.colcon_installed_package_information.package_discovery:Found 0 installed packages in /home/cynthiawei1209/ros2_ws/install
[7.536s] DEBUG:colcon.colcon_installed_package_information.package_discovery:Found 427 installed packages in /opt/ros/humble
[7.546s] Level 1:colcon.colcon_core.package_discovery:discover_packages(prefix_path) using defaults
[9.778s] Level 5:colcon.colcon_core.verb:set package 'my_robot_description' build argument 'cmake_args' from command line to 'None'
[9.778s] Level 5:colcon.colcon_core.verb:set package 'my_robot_description' build argument 'cmake_target' from command line to 'None'
[9.779s] Level 5:colcon.colcon_core.verb:set package 'my_robot_description' build argument 'cmake_target_skip_unavailable' from command line to 'False'
[9.779s] Level 5:colcon.colcon_core.verb:set package 'my_robot_description' build argument 'cmake_clean_cache' from command line to 'False'
[9.779s] Level 5:colcon.colcon_core.verb:set package 'my_robot_description' build argument 'cmake_clean_first' from command line to 'False'
[9.781s] Level 5:colcon.colcon_core.verb:set package 'my_robot_description' build argument 'cmake_force_configure' from command line to 'False'
[9.781s] Level 5:colcon.colcon_core.verb:set package 'my_robot_description' build argument 'ament_cmake_args' from command line to 'None'
[9.781s] Level 5:colcon.colcon_core.verb:set package 'my_robot_description' build argument 'catkin_cmake_args' from command line to 'None'
[9.781s] Level 5:colcon.colcon_core.verb:set package 'my_robot_description' build argument 'catkin_skip_building_tests' from command line to 'False'
[9.781s] DEBUG:colcon.colcon_core.verb:Building package 'my_robot_description' with the following arguments: {'ament_cmake_args': None, 'build_base': '/home/cynthiawei1209/ros2_ws/build/my_robot_description', 'catkin_cmake_args': None, 'catkin_skip_building_tests': False, 'cmake_args': None, 'cmake_clean_cache': False, 'cmake_clean_first': False, 'cmake_force_configure': False, 'cmake_target': None, 'cmake_target_skip_unavailable': False, 'install_base': '/home/cynthiawei1209/ros2_ws/install/my_robot_description', 'merge_install': False, 'path': '/home/cynthiawei1209/ros2_ws/src/my_robot_description', 'symlink_install': False, 'test_result_base': None}
[9.781s] INFO:colcon.colcon_core.executor:Executing jobs using 'parallel' executor
[9.786s] DEBUG:colcon.colcon_parallel_executor.executor.parallel:run_until_complete
[9.788s] INFO:colcon.colcon_ros.task.ament_cmake.build:Building ROS package in '/home/cynthiawei1209/ros2_ws/src/my_robot_description' with build type 'ament_cmake'
[9.788s] INFO:colcon.colcon_cmake.task.cmake.build:Building CMake package in '/home/cynthiawei1209/ros2_ws/src/my_robot_description'
[9.803s] INFO:colcon.colcon_core.plugin_system:Skipping extension 'colcon_core.shell.bat': Not used on non-Windows systems
[9.803s] INFO:colcon.colcon_core.shell:Skip shell extension 'powershell' for command environment: Not usable outside of PowerShell
[9.803s] DEBUG:colcon.colcon_core.shell:Skip shell extension 'dsv' for command environment
[10.519s] DEBUG:colcon.colcon_core.event_handler.log_command:Invoking command in '/home/cynthiawei1209/ros2_ws/build/my_robot_description': CMAKE_PREFIX_PATH=/opt/ros/humble NX_CONNECTION=138.51.65.52 53527 10.188.0.4 4000 /usr/bin/cmake /home/cynthiawei1209/ros2_ws/src/my_robot_description -DCMAKE_INSTALL_PREFIX=/home/cynthiawei1209/ros2_ws/install/my_robot_description
[21.519s] DEBUG:colcon.colcon_core.event_handler.log_command:Invoked command in '/home/cynthiawei1209/ros2_ws/build/my_robot_description' returned '0': CMAKE_PREFIX_PATH=/opt/ros/humble NX_CONNECTION=138.51.65.52 53527 10.188.0.4 4000 /usr/bin/cmake /home/cynthiawei1209/ros2_ws/src/my_robot_description -DCMAKE_INSTALL_PREFIX=/home/cynthiawei1209/ros2_ws/install/my_robot_description
[21.520s] DEBUG:colcon.colcon_core.event_handler.log_command:Invoking command in '/home/cynthiawei1209/ros2_ws/build/my_robot_description': CMAKE_PREFIX_PATH=/opt/ros/humble NX_CONNECTION=138.51.65.52 53527 10.188.0.4 4000 /usr/bin/cmake --build /home/cynthiawei1209/ros2_ws/build/my_robot_description -- -j2 -l2
[21.765s] DEBUG:colcon.colcon_core.event_handler.log_command:Invoked command in '/home/cynthiawei1209/ros2_ws/build/my_robot_description' returned '0': CMAKE_PREFIX_PATH=/opt/ros/humble NX_CONNECTION=138.51.65.52 53527 10.188.0.4 4000 /usr/bin/cmake --build /home/cynthiawei1209/ros2_ws/build/my_robot_description -- -j2 -l2
[21.792s] DEBUG:colcon.colcon_core.event_handler.log_command:Invoking command in '/home/cynthiawei1209/ros2_ws/build/my_robot_description': CMAKE_PREFIX_PATH=/opt/ros/humble NX_CONNECTION=138.51.65.52 53527 10.188.0.4 4000 /usr/bin/cmake --install /home/cynthiawei1209/ros2_ws/build/my_robot_description
[21.833s] Level 1:colcon.colcon_core.environment:create_environment_scripts_only(my_robot_description)
[21.835s] DEBUG:colcon.colcon_core.event_handler.log_command:Invoked command in '/home/cynthiawei1209/ros2_ws/build/my_robot_description' returned '0': CMAKE_PREFIX_PATH=/opt/ros/humble NX_CONNECTION=138.51.65.52 53527 10.188.0.4 4000 /usr/bin/cmake --install /home/cynthiawei1209/ros2_ws/build/my_robot_description
[21.985s] Level 1:colcon.colcon_core.environment:checking '/home/cynthiawei1209/ros2_ws/install/my_robot_description' for CMake module files
[21.986s] Level 1:colcon.colcon_core.environment:checking '/home/cynthiawei1209/ros2_ws/install/my_robot_description' for CMake config files
[21.986s] Level 1:colcon.colcon_core.shell:create_environment_hook('my_robot_description', 'cmake_prefix_path')
[21.987s] INFO:colcon.colcon_core.shell:Creating environment hook '/home/cynthiawei1209/ros2_ws/install/my_robot_description/share/my_robot_description/hook/cmake_prefix_path.ps1'
[21.989s] INFO:colcon.colcon_core.shell:Creating environment descriptor '/home/cynthiawei1209/ros2_ws/install/my_robot_description/share/my_robot_description/hook/cmake_prefix_path.dsv'
[22.001s] INFO:colcon.colcon_core.shell:Creating environment hook '/home/cynthiawei1209/ros2_ws/install/my_robot_description/share/my_robot_description/hook/cmake_prefix_path.sh'
[22.008s] Level 1:colcon.colcon_core.environment:checking '/home/cynthiawei1209/ros2_ws/install/my_robot_description/bin'
[22.008s] Level 1:colcon.colcon_core.environment:checking '/home/cynthiawei1209/ros2_ws/install/my_robot_description/lib/pkgconfig/my_robot_description.pc'
[22.009s] Level 1:colcon.colcon_core.environment:checking '/home/cynthiawei1209/ros2_ws/install/my_robot_description/lib/python3.10/site-packages'
[22.009s] Level 1:colcon.colcon_core.environment:checking '/home/cynthiawei1209/ros2_ws/install/my_robot_description/bin'
[22.010s] INFO:colcon.colcon_core.shell:Creating package script '/home/cynthiawei1209/ros2_ws/install/my_robot_description/share/my_robot_description/package.ps1'
[22.013s] INFO:colcon.colcon_core.shell:Creating package descriptor '/home/cynthiawei1209/ros2_ws/install/my_robot_description/share/my_robot_description/package.dsv'
[22.015s] INFO:colcon.colcon_core.shell:Creating package script '/home/cynthiawei1209/ros2_ws/install/my_robot_description/share/my_robot_description/package.sh'
[22.018s] INFO:colcon.colcon_core.shell:Creating package script '/home/cynthiawei1209/ros2_ws/install/my_robot_description/share/my_robot_description/package.bash'
[22.024s] INFO:colcon.colcon_core.shell:Creating package script '/home/cynthiawei1209/ros2_ws/install/my_robot_description/share/my_robot_description/package.zsh'
[22.027s] Level 1:colcon.colcon_core.environment:create_file_with_runtime_dependencies(/home/cynthiawei1209/ros2_ws/install/my_robot_description/share/colcon-core/packages/my_robot_description)
[22.029s] Level 1:colcon.colcon_core.environment:create_environment_scripts_only(my_robot_description)
[22.029s] Level 1:colcon.colcon_core.environment:checking '/home/cynthiawei1209/ros2_ws/install/my_robot_description' for CMake module files
[22.030s] Level 1:colcon.colcon_core.environment:checking '/home/cynthiawei1209/ros2_ws/install/my_robot_description' for CMake config files
[22.031s] Level 1:colcon.colcon_core.shell:create_environment_hook('my_robot_description', 'cmake_prefix_path')
[22.031s] INFO:colcon.colcon_core.shell:Creating environment hook '/home/cynthiawei1209/ros2_ws/install/my_robot_description/share/my_robot_description/hook/cmake_prefix_path.ps1'
[22.032s] INFO:colcon.colcon_core.shell:Creating environment descriptor '/home/cynthiawei1209/ros2_ws/install/my_robot_description/share/my_robot_description/hook/cmake_prefix_path.dsv'
[22.033s] INFO:colcon.colcon_core.shell:Creating environment hook '/home/cynthiawei1209/ros2_ws/install/my_robot_description/share/my_robot_description/hook/cmake_prefix_path.sh'
[22.034s] Level 1:colcon.colcon_core.environment:checking '/home/cynthiawei1209/ros2_ws/install/my_robot_description/bin'
[22.035s] Level 1:colcon.colcon_core.environment:checking '/home/cynthiawei1209/ros2_ws/install/my_robot_description/lib/pkgconfig/my_robot_description.pc'
[22.035s] Level 1:colcon.colcon_core.environment:checking '/home/cynthiawei1209/ros2_ws/install/my_robot_description/lib/python3.10/site-packages'
[22.036s] Level 1:colcon.colcon_core.environment:checking '/home/cynthiawei1209/ros2_ws/install/my_robot_description/bin'
[22.036s] INFO:colcon.colcon_core.shell:Creating package script '/home/cynthiawei1209/ros2_ws/install/my_robot_description/share/my_robot_description/package.ps1'
[22.037s] INFO:colcon.colcon_core.shell:Creating package descriptor '/home/cynthiawei1209/ros2_ws/install/my_robot_description/share/my_robot_description/package.dsv'
[22.038s] INFO:colcon.colcon_core.shell:Creating package script '/home/cynthiawei1209/ros2_ws/install/my_robot_description/share/my_robot_description/package.sh'
[22.039s] INFO:colcon.colcon_core.shell:Creating package script '/home/cynthiawei1209/ros2_ws/install/my_robot_description/share/my_robot_description/package.bash'
[22.040s] INFO:colcon.colcon_core.shell:Creating package script '/home/cynthiawei1209/ros2_ws/install/my_robot_description/share/my_robot_description/package.zsh'
[22.041s] Level 1:colcon.colcon_core.environment:create_file_with_runtime_dependencies(/home/cynthiawei1209/ros2_ws/install/my_robot_description/share/colcon-core/packages/my_robot_description)
[22.042s] DEBUG:colcon.colcon_parallel_executor.executor.parallel:closing loop
[22.042s] DEBUG:colcon.colcon_parallel_executor.executor.parallel:loop closed
[22.042s] DEBUG:colcon.colcon_parallel_executor.executor.parallel:run_until_complete finished with '0'
[22.042s] DEBUG:colcon.colcon_core.event_reactor:joining thread
[22.079s] INFO:colcon.colcon_core.plugin_system:Skipping extension 'colcon_notification.desktop_notification.terminal_notifier': Not used on non-Darwin systems
[22.079s] INFO:colcon.colcon_core.plugin_system:Skipping extension 'colcon_notification.desktop_notification.win32': Not used on non-Windows systems
[22.079s] INFO:colcon.colcon_notification.desktop_notification:Sending desktop notification using 'notify2'
[22.329s] DEBUG:colcon.colcon_core.event_reactor:joined thread
[22.330s] INFO:colcon.colcon_core.shell:Creating prefix script '/home/cynthiawei1209/ros2_ws/install/local_setup.ps1'
[22.338s] INFO:colcon.colcon_core.shell:Creating prefix util module '/home/cynthiawei1209/ros2_ws/install/_local_setup_util_ps1.py'
[22.471s] INFO:colcon.colcon_core.shell:Creating prefix chain script '/home/cynthiawei1209/ros2_ws/install/setup.ps1'
[22.474s] INFO:colcon.colcon_core.shell:Creating prefix script '/home/cynthiawei1209/ros2_ws/install/local_setup.sh'
[22.476s] INFO:colcon.colcon_core.shell:Creating prefix util module '/home/cynthiawei1209/ros2_ws/install/_local_setup_util_sh.py'
[22.477s] INFO:colcon.colcon_core.shell:Creating prefix chain script '/home/cynthiawei1209/ros2_ws/install/setup.sh'
[22.480s] INFO:colcon.colcon_core.shell:Creating prefix script '/home/cynthiawei1209/ros2_ws/install/local_setup.bash'
[22.482s] INFO:colcon.colcon_core.shell:Creating prefix chain script '/home/cynthiawei1209/ros2_ws/install/setup.bash'
[22.489s] INFO:colcon.colcon_core.shell:Creating prefix script '/home/cynthiawei1209/ros2_ws/install/local_setup.zsh'
[22.493s] INFO:colcon.colcon_core.shell:Creating prefix chain script '/home/cynthiawei1209/ros2_ws/install/setup.zsh'
