[0.025s] Invoking command in '/home/jenny/2025sRobot/build/my_package': CMAKE_PREFIX_PATH=/opt/ros/humble /usr/bin/cmake /home/jenny/2025sRobot/src/my_package -DAMENT_CMAKE_SYMLINK_INSTALL=1 -DCMAKE_INSTALL_PREFIX=/home/jenny/2025sRobot/install/my_package
[0.341s] -- The C compiler identification is GNU 11.4.0
[0.719s] -- The CXX compiler identification is GNU 11.4.0
[0.965s] -- Detecting C compiler ABI info
[1.132s] -- Detecting C compiler ABI info - done
[1.137s] -- Check for working C compiler: /usr/bin/cc - skipped
[1.137s] -- Detecting C compile features
[1.138s] -- Detecting C compile features - done
[1.144s] -- Detecting CXX compiler ABI info
[1.277s] -- Detecting CXX compiler ABI info - done
[1.282s] -- Check for working CXX compiler: /usr/bin/c++ - skipped
[1.282s] -- Detecting CXX compile features
[1.283s] -- Detecting CXX compile features - done
[1.305s] -- Found ament_cmake: 1.3.11 (/opt/ros/humble/share/ament_cmake/cmake)
[1.435s] -- Found Python3: /usr/bin/python3 (found version "3.10.12") found components: Interpreter 
[1.516s] -- Override CMake install command with custom implementation using symlinks instead of copying resources
[1.586s] -- Found ament_lint_auto: 0.12.12 (/opt/ros/humble/share/ament_lint_auto/cmake)
[1.673s] -- Added test 'lint_cmake' to check CMake code style
[1.675s] -- Added test 'xmllint' to check XML markup files
[1.677s] -- Configuring done
[1.691s] -- Generating done
[1.697s] -- Build files have been written to: /home/jenny/2025sRobot/build/my_package
[1.701s] Invoked command in '/home/jenny/2025sRobot/build/my_package' returned '0': CMAKE_PREFIX_PATH=/opt/ros/humble /usr/bin/cmake /home/jenny/2025sRobot/src/my_package -DAMENT_CMAKE_SYMLINK_INSTALL=1 -DCMAKE_INSTALL_PREFIX=/home/jenny/2025sRobot/install/my_package
[1.705s] Invoking command in '/home/jenny/2025sRobot/build/my_package': CMAKE_PREFIX_PATH=/opt/ros/humble /usr/bin/cmake --build /home/jenny/2025sRobot/build/my_package -- -j8 -l8
[1.734s] Invoked command in '/home/jenny/2025sRobot/build/my_package' returned '0': CMAKE_PREFIX_PATH=/opt/ros/humble /usr/bin/cmake --build /home/jenny/2025sRobot/build/my_package -- -j8 -l8
[1.747s] Invoking command in '/home/jenny/2025sRobot/build/my_package': CMAKE_PREFIX_PATH=/opt/ros/humble /usr/bin/cmake --install /home/jenny/2025sRobot/build/my_package
[1.753s] -- Install configuration: ""
[1.754s] -- Execute custom install script
[1.758s] -- Symlinking: /home/jenny/2025sRobot/install/my_package/share/ament_index/resource_index/package_run_dependencies/my_package
[1.766s] -- Symlinking: /home/jenny/2025sRobot/install/my_package/share/ament_index/resource_index/parent_prefix_path/my_package
[1.776s] -- Symlinking: /home/jenny/2025sRobot/install/my_package/share/my_package/environment/ament_prefix_path.sh
[1.786s] -- Symlinking: /home/jenny/2025sRobot/install/my_package/share/my_package/environment/ament_prefix_path.dsv
[1.799s] -- Symlinking: /home/jenny/2025sRobot/install/my_package/share/my_package/environment/path.sh
[1.810s] -- Symlinking: /home/jenny/2025sRobot/install/my_package/share/my_package/environment/path.dsv
[1.822s] -- Symlinking: /home/jenny/2025sRobot/install/my_package/share/my_package/local_setup.bash
[1.832s] -- Symlinking: /home/jenny/2025sRobot/install/my_package/share/my_package/local_setup.sh
[1.842s] -- Symlinking: /home/jenny/2025sRobot/install/my_package/share/my_package/local_setup.zsh
[1.850s] -- Symlinking: /home/jenny/2025sRobot/install/my_package/share/my_package/local_setup.dsv
[1.859s] -- Symlinking: /home/jenny/2025sRobot/install/my_package/share/my_package/package.dsv
[1.867s] -- Symlinking: /home/jenny/2025sRobot/install/my_package/share/ament_index/resource_index/packages/my_package
[1.877s] -- Symlinking: /home/jenny/2025sRobot/install/my_package/share/my_package/cmake/my_packageConfig.cmake
[1.884s] -- Symlinking: /home/jenny/2025sRobot/install/my_package/share/my_package/cmake/my_packageConfig-version.cmake
[1.894s] -- Symlinking: /home/jenny/2025sRobot/install/my_package/share/my_package/package.xml
[1.904s] Invoked command in '/home/jenny/2025sRobot/build/my_package' returned '0': CMAKE_PREFIX_PATH=/opt/ros/humble /usr/bin/cmake --install /home/jenny/2025sRobot/build/my_package
