[0.019s] Invoking command in '/home/krrish/summer-research-robot/build/my_package': CMAKE_PREFIX_PATH=/opt/ros/humble /usr/bin/cmake --build /home/krrish/summer-research-robot/build/my_package -- -j32 -l32
[0.207s] Invoked command in '/home/krrish/summer-research-robot/build/my_package' returned '0': CMAKE_PREFIX_PATH=/opt/ros/humble /usr/bin/cmake --build /home/krrish/summer-research-robot/build/my_package -- -j32 -l32
[0.209s] Invoking command in '/home/krrish/summer-research-robot/build/my_package': CMAKE_PREFIX_PATH=/opt/ros/humble /usr/bin/cmake --install /home/krrish/summer-research-robot/build/my_package
[0.223s] -- Install configuration: ""
[0.223s] -- Up-to-date: /home/krrish/summer-research-robot/install/my_package/share/ament_index/resource_index/package_run_dependencies/my_package
[0.223s] -- Up-to-date: /home/krrish/summer-research-robot/install/my_package/share/ament_index/resource_index/parent_prefix_path/my_package
[0.223s] -- Up-to-date: /home/krrish/summer-research-robot/install/my_package/share/my_package/environment/ament_prefix_path.sh
[0.223s] -- Up-to-date: /home/krrish/summer-research-robot/install/my_package/share/my_package/environment/ament_prefix_path.dsv
[0.223s] -- Up-to-date: /home/krrish/summer-research-robot/install/my_package/share/my_package/environment/path.sh
[0.223s] -- Up-to-date: /home/krrish/summer-research-robot/install/my_package/share/my_package/environment/path.dsv
[0.223s] -- Up-to-date: /home/krrish/summer-research-robot/install/my_package/share/my_package/local_setup.bash
[0.223s] -- Up-to-date: /home/krrish/summer-research-robot/install/my_package/share/my_package/local_setup.sh
[0.224s] -- Up-to-date: /home/krrish/summer-research-robot/install/my_package/share/my_package/local_setup.zsh
[0.224s] -- Up-to-date: /home/krrish/summer-research-robot/install/my_package/share/my_package/local_setup.dsv
[0.224s] -- Up-to-date: /home/krrish/summer-research-robot/install/my_package/share/my_package/package.dsv
[0.224s] -- Up-to-date: /home/krrish/summer-research-robot/install/my_package/share/ament_index/resource_index/packages/my_package
[0.224s] -- Up-to-date: /home/krrish/summer-research-robot/install/my_package/share/my_package/cmake/my_packageConfig.cmake
[0.224s] -- Up-to-date: /home/krrish/summer-research-robot/install/my_package/share/my_package/cmake/my_packageConfig-version.cmake
[0.224s] -- Up-to-date: /home/krrish/summer-research-robot/install/my_package/share/my_package/package.xml
[0.246s] Invoked command in '/home/krrish/summer-research-robot/build/my_package' returned '0': CMAKE_PREFIX_PATH=/opt/ros/humble /usr/bin/cmake --install /home/krrish/summer-research-robot/build/my_package
