running egg_info
writing ../../../../build/robot_slam/robot_slam.egg-info/PKG-INFO
writing dependency_links to ../../../../build/robot_slam/robot_slam.egg-info/dependency_links.txt
writing entry points to ../../../../build/robot_slam/robot_slam.egg-info/entry_points.txt
writing requirements to ../../../../build/robot_slam/robot_slam.egg-info/requires.txt
writing top-level names to ../../../../build/robot_slam/robot_slam.egg-info/top_level.txt
reading manifest file '../../../../build/robot_slam/robot_slam.egg-info/SOURCES.txt'
writing manifest file '../../../../build/robot_slam/robot_slam.egg-info/SOURCES.txt'
running build
running build_py
copying robot_slam/odom_node.py -> /home/krrish/summer-research-robot/build/robot_slam/build/lib/robot_slam
running install
running install_lib
copying /home/krrish/summer-research-robot/build/robot_slam/build/lib/robot_slam/odom_node.py -> /home/krrish/summer-research-robot/install/robot_slam/lib/python3.10/site-packages/robot_slam
byte-compiling /home/krrish/summer-research-robot/install/robot_slam/lib/python3.10/site-packages/robot_slam/odom_node.py to odom_node.cpython-310.pyc
running install_data
copying launch/slam.launch.xml -> /home/krrish/summer-research-robot/install/robot_slam/share/robot_slam/launch
running install_egg_info
removing '/home/krrish/summer-research-robot/install/robot_slam/lib/python3.10/site-packages/robot_slam-0.0.0-py3.10.egg-info' (and everything under it)
Copying ../../../../build/robot_slam/robot_slam.egg-info to /home/krrish/summer-research-robot/install/robot_slam/lib/python3.10/site-packages/robot_slam-0.0.0-py3.10.egg-info
running install_scripts
Installing odom_node script to /home/krrish/summer-research-robot/install/robot_slam/lib/robot_slam
writing list of installed files to '/home/krrish/summer-research-robot/build/robot_slam/install.log'
