[0.644s] Invoking command in '/home/krrish/summer-research-robot/robot/ros2_ws/src/robot_slam': PYTHONPATH=/home/krrish/summer-research-robot/build/robot_slam/prefix_override:/usr/lib/python3/dist-packages/colcon_core/task/python/colcon_distutils_commands:/home/krrish/summer-research-robot/install/robot_slam/lib/python3.10/site-packages:${PYTHONPATH} /usr/bin/python3 -W ignore:setup.py install is deprecated -W ignore:easy_install command is deprecated setup.py egg_info --egg-base ../../../../build/robot_slam build --build-base /home/krrish/summer-research-robot/build/robot_slam/build install --record /home/krrish/summer-research-robot/build/robot_slam/install.log --single-version-externally-managed install_data
[0.780s] running egg_info
[0.781s] writing ../../../../build/robot_slam/robot_slam.egg-info/PKG-INFO
[0.783s] writing dependency_links to ../../../../build/robot_slam/robot_slam.egg-info/dependency_links.txt
[0.783s] writing entry points to ../../../../build/robot_slam/robot_slam.egg-info/entry_points.txt
[0.784s] writing requirements to ../../../../build/robot_slam/robot_slam.egg-info/requires.txt
[0.784s] writing top-level names to ../../../../build/robot_slam/robot_slam.egg-info/top_level.txt
[0.785s] reading manifest file '../../../../build/robot_slam/robot_slam.egg-info/SOURCES.txt'
[0.787s] writing manifest file '../../../../build/robot_slam/robot_slam.egg-info/SOURCES.txt'
[0.787s] running build
[0.787s] running build_py
[0.787s] copying robot_slam/odom_node.py -> /home/krrish/summer-research-robot/build/robot_slam/build/lib/robot_slam
[0.788s] running install
[0.789s] running install_lib
[0.789s] copying /home/krrish/summer-research-robot/build/robot_slam/build/lib/robot_slam/odom_node.py -> /home/krrish/summer-research-robot/install/robot_slam/lib/python3.10/site-packages/robot_slam
[0.790s] byte-compiling /home/krrish/summer-research-robot/install/robot_slam/lib/python3.10/site-packages/robot_slam/odom_node.py to odom_node.cpython-310.pyc
[0.792s] running install_data
[0.792s] copying launch/slam.launch.xml -> /home/krrish/summer-research-robot/install/robot_slam/share/robot_slam/launch
[0.792s] running install_egg_info
[0.793s] removing '/home/krrish/summer-research-robot/install/robot_slam/lib/python3.10/site-packages/robot_slam-0.0.0-py3.10.egg-info' (and everything under it)
[0.793s] Copying ../../../../build/robot_slam/robot_slam.egg-info to /home/krrish/summer-research-robot/install/robot_slam/lib/python3.10/site-packages/robot_slam-0.0.0-py3.10.egg-info
[0.794s] running install_scripts
[0.805s] Installing odom_node script to /home/krrish/summer-research-robot/install/robot_slam/lib/robot_slam
[0.805s] writing list of installed files to '/home/krrish/summer-research-robot/build/robot_slam/install.log'
[0.817s] Invoked command in '/home/krrish/summer-research-robot/robot/ros2_ws/src/robot_slam' returned '0': PYTHONPATH=/home/krrish/summer-research-robot/build/robot_slam/prefix_override:/usr/lib/python3/dist-packages/colcon_core/task/python/colcon_distutils_commands:/home/krrish/summer-research-robot/install/robot_slam/lib/python3.10/site-packages:${PYTHONPATH} /usr/bin/python3 -W ignore:setup.py install is deprecated -W ignore:easy_install command is deprecated setup.py egg_info --egg-base ../../../../build/robot_slam build --build-base /home/krrish/summer-research-robot/build/robot_slam/build install --record /home/krrish/summer-research-robot/build/robot_slam/install.log --single-version-externally-managed install_data
