[0.665s] Invoking command in '/home/krrish/summer-research-robot/robot/ros2_ws/src/robot_slam': PYTHONPATH=/home/krrish/summer-research-robot/build/robot_slam/prefix_override:/usr/lib/python3/dist-packages/colcon_core/task/python/colcon_distutils_commands:/home/krrish/summer-research-robot/install/robot_slam/lib/python3.10/site-packages:${PYTHONPATH} /usr/bin/python3 -W ignore:setup.py install is deprecated -W ignore:easy_install command is deprecated setup.py egg_info --egg-base ../../../../build/robot_slam build --build-base /home/krrish/summer-research-robot/build/robot_slam/build install --record /home/krrish/summer-research-robot/build/robot_slam/install.log --single-version-externally-managed install_data
[0.818s] running egg_info
[0.818s] creating ../../../../build/robot_slam/robot_slam.egg-info
[0.819s] writing ../../../../build/robot_slam/robot_slam.egg-info/PKG-INFO
[0.819s] writing dependency_links to ../../../../build/robot_slam/robot_slam.egg-info/dependency_links.txt
[0.819s] writing entry points to ../../../../build/robot_slam/robot_slam.egg-info/entry_points.txt
[0.819s] writing requirements to ../../../../build/robot_slam/robot_slam.egg-info/requires.txt
[0.819s] writing top-level names to ../../../../build/robot_slam/robot_slam.egg-info/top_level.txt
[0.819s] writing manifest file '../../../../build/robot_slam/robot_slam.egg-info/SOURCES.txt'
[0.822s] reading manifest file '../../../../build/robot_slam/robot_slam.egg-info/SOURCES.txt'
[0.823s] writing manifest file '../../../../build/robot_slam/robot_slam.egg-info/SOURCES.txt'
[0.823s] running build
[0.823s] running build_py
[0.823s] creating /home/krrish/summer-research-robot/build/robot_slam/build
[0.823s] creating /home/krrish/summer-research-robot/build/robot_slam/build/lib
[0.824s] creating /home/krrish/summer-research-robot/build/robot_slam/build/lib/robot_slam
[0.824s] copying robot_slam/__init__.py -> /home/krrish/summer-research-robot/build/robot_slam/build/lib/robot_slam
[0.824s] copying robot_slam/odom_node.py -> /home/krrish/summer-research-robot/build/robot_slam/build/lib/robot_slam
[0.824s] running install
[0.825s] running install_lib
[0.825s] creating /home/krrish/summer-research-robot/install/robot_slam/lib/python3.10/site-packages/robot_slam
[0.825s] copying /home/krrish/summer-research-robot/build/robot_slam/build/lib/robot_slam/__init__.py -> /home/krrish/summer-research-robot/install/robot_slam/lib/python3.10/site-packages/robot_slam
[0.825s] copying /home/krrish/summer-research-robot/build/robot_slam/build/lib/robot_slam/odom_node.py -> /home/krrish/summer-research-robot/install/robot_slam/lib/python3.10/site-packages/robot_slam
[0.826s] byte-compiling /home/krrish/summer-research-robot/install/robot_slam/lib/python3.10/site-packages/robot_slam/__init__.py to __init__.cpython-310.pyc
[0.826s] byte-compiling /home/krrish/summer-research-robot/install/robot_slam/lib/python3.10/site-packages/robot_slam/odom_node.py to odom_node.cpython-310.pyc
[0.827s] running install_data
[0.827s] creating /home/krrish/summer-research-robot/install/robot_slam/share/ament_index
[0.827s] creating /home/krrish/summer-research-robot/install/robot_slam/share/ament_index/resource_index
[0.827s] creating /home/krrish/summer-research-robot/install/robot_slam/share/ament_index/resource_index/packages
[0.827s] copying resource/robot_slam -> /home/krrish/summer-research-robot/install/robot_slam/share/ament_index/resource_index/packages
[0.828s] copying package.xml -> /home/krrish/summer-research-robot/install/robot_slam/share/robot_slam
[0.828s] creating /home/krrish/summer-research-robot/install/robot_slam/share/robot_slam/launch
[0.828s] copying launch/slam.launch.xml -> /home/krrish/summer-research-robot/install/robot_slam/share/robot_slam/launch
[0.828s] running install_egg_info
[0.830s] Copying ../../../../build/robot_slam/robot_slam.egg-info to /home/krrish/summer-research-robot/install/robot_slam/lib/python3.10/site-packages/robot_slam-0.0.0-py3.10.egg-info
[0.831s] running install_scripts
[0.844s] Installing odom_node script to /home/krrish/summer-research-robot/install/robot_slam/lib/robot_slam
[0.844s] writing list of installed files to '/home/krrish/summer-research-robot/build/robot_slam/install.log'
[0.860s] Invoked command in '/home/krrish/summer-research-robot/robot/ros2_ws/src/robot_slam' returned '0': PYTHONPATH=/home/krrish/summer-research-robot/build/robot_slam/prefix_override:/usr/lib/python3/dist-packages/colcon_core/task/python/colcon_distutils_commands:/home/krrish/summer-research-robot/install/robot_slam/lib/python3.10/site-packages:${PYTHONPATH} /usr/bin/python3 -W ignore:setup.py install is deprecated -W ignore:easy_install command is deprecated setup.py egg_info --egg-base ../../../../build/robot_slam build --build-base /home/krrish/summer-research-robot/build/robot_slam/build install --record /home/krrish/summer-research-robot/build/robot_slam/install.log --single-version-externally-managed install_data
