[0.252s] DEBUG:colcon:Command line arguments: ['/usr/bin/colcon', 'build', '--symlink-install']
[0.253s] DEBUG:colcon:Parsed command line arguments: Namespace(log_base=None, log_level=None, verb_name='build', build_base='build', install_base='install', merge_install=False, symlink_install=True, test_result_base=None, continue_on_error=False, executor='parallel', parallel_workers=8, event_handlers=None, ignore_user_meta=False, metas=['./colcon.meta'], base_paths=['.'], packages_ignore=None, packages_ignore_regex=None, paths=None, packages_up_to=None, packages_up_to_regex=None, packages_above=None, packages_above_and_dependencies=None, packages_above_depth=None, packages_select_by_dep=None, packages_skip_by_dep=None, packages_skip_up_to=None, packages_select_build_failed=False, packages_skip_build_finished=False, packages_select_test_failures=False, packages_skip_test_passed=False, packages_select=None, packages_skip=None, packages_select_regex=None, packages_skip_regex=None, packages_start=None, packages_end=None, allow_overriding=[], cmake_args=None, cmake_target=None, cmake_target_skip_unavailable=False, cmake_clean_cache=False, cmake_clean_first=False, cmake_force_configure=False, ament_cmake_args=None, catkin_cmake_args=None, catkin_skip_building_tests=False, mixin_files=None, mixin=None, verb_parser=<colcon_mixin.mixin.mixin_argument.MixinArgumentDecorator object at 0x7edf52fc5ed0>, verb_extension=<colcon_core.verb.build.BuildVerb object at 0x7edf531c7880>, main=<bound method BuildVerb.main of <colcon_core.verb.build.BuildVerb object at 0x7edf531c7880>>, mixin_verb=('build',))
[0.443s] Level 1:colcon.colcon_core.package_discovery:discover_packages(colcon_meta) check parameters
[0.443s] Level 1:colcon.colcon_core.package_discovery:discover_packages(recursive) check parameters
[0.443s] Level 1:colcon.colcon_core.package_discovery:discover_packages(ignore) check parameters
[0.443s] Level 1:colcon.colcon_core.package_discovery:discover_packages(path) check parameters
[0.443s] Level 1:colcon.colcon_core.package_discovery:discover_packages(colcon_meta) discover
[0.443s] Level 1:colcon.colcon_core.package_discovery:discover_packages(recursive) discover
[0.444s] INFO:colcon.colcon_core.package_discovery:Crawling recursively for packages in '/home/jenny/2025sRobot'
[0.444s] Level 1:colcon.colcon_core.package_identification:_identify(.) by extensions ['ignore', 'ignore_ament_install']
[0.444s] Level 1:colcon.colcon_core.package_identification:_identify(.) by extension 'ignore'
[0.444s] Level 1:colcon.colcon_core.package_identification:_identify(.) by extension 'ignore_ament_install'
[0.444s] Level 1:colcon.colcon_core.package_identification:_identify(.) by extensions ['colcon_pkg']
[0.444s] Level 1:colcon.colcon_core.package_identification:_identify(.) by extension 'colcon_pkg'
[0.444s] Level 1:colcon.colcon_core.package_identification:_identify(.) by extensions ['colcon_meta']
[0.444s] Level 1:colcon.colcon_core.package_identification:_identify(.) by extension 'colcon_meta'
[0.444s] Level 1:colcon.colcon_core.package_identification:_identify(.) by extensions ['ros']
[0.444s] Level 1:colcon.colcon_core.package_identification:_identify(.) by extension 'ros'
[0.456s] Level 1:colcon.colcon_core.package_identification:_identify(.) by extensions ['cmake', 'python']
[0.456s] Level 1:colcon.colcon_core.package_identification:_identify(.) by extension 'cmake'
[0.456s] Level 1:colcon.colcon_core.package_identification:_identify(.) by extension 'python'
[0.456s] Level 1:colcon.colcon_core.package_identification:_identify(.) by extensions ['python_setup_py']
[0.456s] Level 1:colcon.colcon_core.package_identification:_identify(.) by extension 'python_setup_py'
[0.456s] Level 1:colcon.colcon_core.package_identification:_identify(build) by extensions ['ignore', 'ignore_ament_install']
[0.456s] Level 1:colcon.colcon_core.package_identification:_identify(build) by extension 'ignore'
[0.456s] Level 1:colcon.colcon_core.package_identification:_identify(build) ignored
[0.456s] Level 1:colcon.colcon_core.package_identification:_identify(install) by extensions ['ignore', 'ignore_ament_install']
[0.456s] Level 1:colcon.colcon_core.package_identification:_identify(install) by extension 'ignore'
[0.456s] Level 1:colcon.colcon_core.package_identification:_identify(install) ignored
[0.457s] Level 1:colcon.colcon_core.package_identification:_identify(log) by extensions ['ignore', 'ignore_ament_install']
[0.457s] Level 1:colcon.colcon_core.package_identification:_identify(log) by extension 'ignore'
[0.457s] Level 1:colcon.colcon_core.package_identification:_identify(log) ignored
[0.457s] Level 1:colcon.colcon_core.package_identification:_identify(src) by extensions ['ignore', 'ignore_ament_install']
[0.457s] Level 1:colcon.colcon_core.package_identification:_identify(src) by extension 'ignore'
[0.457s] Level 1:colcon.colcon_core.package_identification:_identify(src) by extension 'ignore_ament_install'
[0.457s] Level 1:colcon.colcon_core.package_identification:_identify(src) by extensions ['colcon_pkg']
[0.457s] Level 1:colcon.colcon_core.package_identification:_identify(src) by extension 'colcon_pkg'
[0.457s] Level 1:colcon.colcon_core.package_identification:_identify(src) by extensions ['colcon_meta']
[0.457s] Level 1:colcon.colcon_core.package_identification:_identify(src) by extension 'colcon_meta'
[0.457s] Level 1:colcon.colcon_core.package_identification:_identify(src) by extensions ['ros']
[0.457s] Level 1:colcon.colcon_core.package_identification:_identify(src) by extension 'ros'
[0.457s] Level 1:colcon.colcon_core.package_identification:_identify(src) by extensions ['cmake', 'python']
[0.457s] Level 1:colcon.colcon_core.package_identification:_identify(src) by extension 'cmake'
[0.457s] Level 1:colcon.colcon_core.package_identification:_identify(src) by extension 'python'
[0.457s] Level 1:colcon.colcon_core.package_identification:_identify(src) by extensions ['python_setup_py']
[0.457s] Level 1:colcon.colcon_core.package_identification:_identify(src) by extension 'python_setup_py'
[0.457s] Level 1:colcon.colcon_core.package_identification:_identify(src/my_package) by extensions ['ignore', 'ignore_ament_install']
[0.457s] Level 1:colcon.colcon_core.package_identification:_identify(src/my_package) by extension 'ignore'
[0.457s] Level 1:colcon.colcon_core.package_identification:_identify(src/my_package) by extension 'ignore_ament_install'
[0.457s] Level 1:colcon.colcon_core.package_identification:_identify(src/my_package) by extensions ['colcon_pkg']
[0.458s] Level 1:colcon.colcon_core.package_identification:_identify(src/my_package) by extension 'colcon_pkg'
[0.458s] Level 1:colcon.colcon_core.package_identification:_identify(src/my_package) by extensions ['colcon_meta']
[0.458s] Level 1:colcon.colcon_core.package_identification:_identify(src/my_package) by extension 'colcon_meta'
[0.458s] Level 1:colcon.colcon_core.package_identification:_identify(src/my_package) by extensions ['ros']
[0.458s] Level 1:colcon.colcon_core.package_identification:_identify(src/my_package) by extension 'ros'
[0.468s] DEBUG:colcon.colcon_core.package_identification:Package 'src/my_package' with type 'ros.ament_cmake' and name 'my_package'
[0.469s] Level 1:colcon.colcon_core.package_identification:_identify(src/rplidar_ros) by extensions ['ignore', 'ignore_ament_install']
[0.469s] Level 1:colcon.colcon_core.package_identification:_identify(src/rplidar_ros) by extension 'ignore'
[0.469s] Level 1:colcon.colcon_core.package_identification:_identify(src/rplidar_ros) by extension 'ignore_ament_install'
[0.469s] Level 1:colcon.colcon_core.package_identification:_identify(src/rplidar_ros) by extensions ['colcon_pkg']
[0.469s] Level 1:colcon.colcon_core.package_identification:_identify(src/rplidar_ros) by extension 'colcon_pkg'
[0.469s] Level 1:colcon.colcon_core.package_identification:_identify(src/rplidar_ros) by extensions ['colcon_meta']
[0.469s] Level 1:colcon.colcon_core.package_identification:_identify(src/rplidar_ros) by extension 'colcon_meta'
[0.469s] Level 1:colcon.colcon_core.package_identification:_identify(src/rplidar_ros) by extensions ['ros']
[0.469s] Level 1:colcon.colcon_core.package_identification:_identify(src/rplidar_ros) by extension 'ros'
[0.470s] DEBUG:colcon.colcon_core.package_identification:Package 'src/rplidar_ros' with type 'ros.ament_cmake' and name 'rplidar_ros'
[0.470s] Level 1:colcon.colcon_core.package_discovery:discover_packages(recursive) using defaults
[0.470s] Level 1:colcon.colcon_core.package_discovery:discover_packages(ignore) discover
[0.470s] Level 1:colcon.colcon_core.package_discovery:discover_packages(ignore) using defaults
[0.470s] Level 1:colcon.colcon_core.package_discovery:discover_packages(path) discover
[0.470s] Level 1:colcon.colcon_core.package_discovery:discover_packages(path) using defaults
[0.502s] Level 1:colcon.colcon_core.package_discovery:discover_packages(prefix_path) check parameters
[0.503s] Level 1:colcon.colcon_core.package_discovery:discover_packages(prefix_path) discover
[0.505s] DEBUG:colcon.colcon_installed_package_information.package_discovery:Found 425 installed packages in /opt/ros/humble
[0.507s] Level 1:colcon.colcon_core.package_discovery:discover_packages(prefix_path) using defaults
[0.545s] Level 5:colcon.colcon_core.verb:set package 'my_package' build argument 'cmake_args' from command line to 'None'
[0.546s] Level 5:colcon.colcon_core.verb:set package 'my_package' build argument 'cmake_target' from command line to 'None'
[0.546s] Level 5:colcon.colcon_core.verb:set package 'my_package' build argument 'cmake_target_skip_unavailable' from command line to 'False'
[0.546s] Level 5:colcon.colcon_core.verb:set package 'my_package' build argument 'cmake_clean_cache' from command line to 'False'
[0.546s] Level 5:colcon.colcon_core.verb:set package 'my_package' build argument 'cmake_clean_first' from command line to 'False'
[0.546s] Level 5:colcon.colcon_core.verb:set package 'my_package' build argument 'cmake_force_configure' from command line to 'False'
[0.546s] Level 5:colcon.colcon_core.verb:set package 'my_package' build argument 'ament_cmake_args' from command line to 'None'
[0.546s] Level 5:colcon.colcon_core.verb:set package 'my_package' build argument 'catkin_cmake_args' from command line to 'None'
[0.546s] Level 5:colcon.colcon_core.verb:set package 'my_package' build argument 'catkin_skip_building_tests' from command line to 'False'
[0.546s] DEBUG:colcon.colcon_core.verb:Building package 'my_package' with the following arguments: {'ament_cmake_args': None, 'build_base': '/home/jenny/2025sRobot/build/my_package', 'catkin_cmake_args': None, 'catkin_skip_building_tests': False, 'cmake_args': None, 'cmake_clean_cache': False, 'cmake_clean_first': False, 'cmake_force_configure': False, 'cmake_target': None, 'cmake_target_skip_unavailable': False, 'install_base': '/home/jenny/2025sRobot/install/my_package', 'merge_install': False, 'path': '/home/jenny/2025sRobot/src/my_package', 'symlink_install': True, 'test_result_base': None}
[0.546s] Level 5:colcon.colcon_core.verb:set package 'rplidar_ros' build argument 'cmake_args' from command line to 'None'
[0.546s] Level 5:colcon.colcon_core.verb:set package 'rplidar_ros' build argument 'cmake_target' from command line to 'None'
[0.546s] Level 5:colcon.colcon_core.verb:set package 'rplidar_ros' build argument 'cmake_target_skip_unavailable' from command line to 'False'
[0.546s] Level 5:colcon.colcon_core.verb:set package 'rplidar_ros' build argument 'cmake_clean_cache' from command line to 'False'
[0.546s] Level 5:colcon.colcon_core.verb:set package 'rplidar_ros' build argument 'cmake_clean_first' from command line to 'False'
[0.546s] Level 5:colcon.colcon_core.verb:set package 'rplidar_ros' build argument 'cmake_force_configure' from command line to 'False'
[0.546s] Level 5:colcon.colcon_core.verb:set package 'rplidar_ros' build argument 'ament_cmake_args' from command line to 'None'
[0.546s] Level 5:colcon.colcon_core.verb:set package 'rplidar_ros' build argument 'catkin_cmake_args' from command line to 'None'
[0.546s] Level 5:colcon.colcon_core.verb:set package 'rplidar_ros' build argument 'catkin_skip_building_tests' from command line to 'False'
[0.546s] DEBUG:colcon.colcon_core.verb:Building package 'rplidar_ros' with the following arguments: {'ament_cmake_args': None, 'build_base': '/home/jenny/2025sRobot/build/rplidar_ros', 'catkin_cmake_args': None, 'catkin_skip_building_tests': False, 'cmake_args': None, 'cmake_clean_cache': False, 'cmake_clean_first': False, 'cmake_force_configure': False, 'cmake_target': None, 'cmake_target_skip_unavailable': False, 'install_base': '/home/jenny/2025sRobot/install/rplidar_ros', 'merge_install': False, 'path': '/home/jenny/2025sRobot/src/rplidar_ros', 'symlink_install': True, 'test_result_base': None}
[0.546s] INFO:colcon.colcon_core.executor:Executing jobs using 'parallel' executor
[0.547s] DEBUG:colcon.colcon_parallel_executor.executor.parallel:run_until_complete
[0.548s] INFO:colcon.colcon_ros.task.ament_cmake.build:Building ROS package in '/home/jenny/2025sRobot/src/my_package' with build type 'ament_cmake'
[0.548s] INFO:colcon.colcon_cmake.task.cmake.build:Building CMake package in '/home/jenny/2025sRobot/src/my_package'
[0.551s] INFO:colcon.colcon_core.plugin_system:Skipping extension 'colcon_core.shell.bat': Not used on non-Windows systems
[0.551s] INFO:colcon.colcon_core.shell:Skip shell extension 'powershell' for command environment: Not usable outside of PowerShell
[0.551s] DEBUG:colcon.colcon_core.shell:Skip shell extension 'dsv' for command environment
[0.558s] INFO:colcon.colcon_ros.task.ament_cmake.build:Building ROS package in '/home/jenny/2025sRobot/src/rplidar_ros' with build type 'ament_cmake'
[0.559s] INFO:colcon.colcon_cmake.task.cmake.build:Building CMake package in '/home/jenny/2025sRobot/src/rplidar_ros'
[0.559s] INFO:colcon.colcon_core.shell:Skip shell extension 'powershell' for command environment: Not usable outside of PowerShell
[0.559s] DEBUG:colcon.colcon_core.shell:Skip shell extension 'dsv' for command environment
[0.574s] DEBUG:colcon.colcon_core.event_handler.log_command:Invoking command in '/home/jenny/2025sRobot/build/my_package': CMAKE_PREFIX_PATH=/opt/ros/humble /usr/bin/cmake /home/jenny/2025sRobot/src/my_package -DAMENT_CMAKE_SYMLINK_INSTALL=1 -DCMAKE_INSTALL_PREFIX=/home/jenny/2025sRobot/install/my_package
[0.606s] DEBUG:colcon.colcon_core.event_handler.log_command:Invoking command in '/home/jenny/2025sRobot/build/rplidar_ros': CMAKE_PREFIX_PATH=/opt/ros/humble /usr/bin/cmake /home/jenny/2025sRobot/src/rplidar_ros -DAMENT_CMAKE_SYMLINK_INSTALL=1 -DCMAKE_INSTALL_PREFIX=/home/jenny/2025sRobot/install/rplidar_ros
[2.252s] DEBUG:colcon.colcon_core.event_handler.log_command:Invoked command in '/home/jenny/2025sRobot/build/my_package' returned '0': CMAKE_PREFIX_PATH=/opt/ros/humble /usr/bin/cmake /home/jenny/2025sRobot/src/my_package -DAMENT_CMAKE_SYMLINK_INSTALL=1 -DCMAKE_INSTALL_PREFIX=/home/jenny/2025sRobot/install/my_package
[2.253s] DEBUG:colcon.colcon_core.event_handler.log_command:Invoking command in '/home/jenny/2025sRobot/build/my_package': CMAKE_PREFIX_PATH=/opt/ros/humble /usr/bin/cmake --build /home/jenny/2025sRobot/build/my_package -- -j8 -l8
[2.283s] DEBUG:colcon.colcon_core.event_handler.log_command:Invoked command in '/home/jenny/2025sRobot/build/my_package' returned '0': CMAKE_PREFIX_PATH=/opt/ros/humble /usr/bin/cmake --build /home/jenny/2025sRobot/build/my_package -- -j8 -l8
[2.295s] DEBUG:colcon.colcon_core.event_handler.log_command:Invoking command in '/home/jenny/2025sRobot/build/my_package': CMAKE_PREFIX_PATH=/opt/ros/humble /usr/bin/cmake --install /home/jenny/2025sRobot/build/my_package
[2.452s] Level 1:colcon.colcon_core.environment:create_environment_scripts_only(my_package)
[2.453s] DEBUG:colcon.colcon_core.event_handler.log_command:Invoked command in '/home/jenny/2025sRobot/build/my_package' returned '0': CMAKE_PREFIX_PATH=/opt/ros/humble /usr/bin/cmake --install /home/jenny/2025sRobot/build/my_package
[2.466s] Level 1:colcon.colcon_core.environment:checking '/home/jenny/2025sRobot/install/my_package' for CMake module files
[2.467s] Level 1:colcon.colcon_core.environment:checking '/home/jenny/2025sRobot/install/my_package' for CMake config files
[2.467s] Level 1:colcon.colcon_core.shell:create_environment_hook('my_package', 'cmake_prefix_path')
[2.467s] INFO:colcon.colcon_core.shell:Creating environment hook '/home/jenny/2025sRobot/install/my_package/share/my_package/hook/cmake_prefix_path.ps1'
[2.470s] INFO:colcon.colcon_core.shell:Creating environment descriptor '/home/jenny/2025sRobot/install/my_package/share/my_package/hook/cmake_prefix_path.dsv'
[2.471s] INFO:colcon.colcon_core.shell:Creating environment hook '/home/jenny/2025sRobot/install/my_package/share/my_package/hook/cmake_prefix_path.sh'
[2.473s] Level 1:colcon.colcon_core.environment:checking '/home/jenny/2025sRobot/install/my_package/bin'
[2.473s] Level 1:colcon.colcon_core.environment:checking '/home/jenny/2025sRobot/install/my_package/lib/pkgconfig/my_package.pc'
[2.473s] Level 1:colcon.colcon_core.environment:checking '/home/jenny/2025sRobot/install/my_package/lib/python3.10/site-packages'
[2.473s] Level 1:colcon.colcon_core.environment:checking '/home/jenny/2025sRobot/install/my_package/bin'
[2.473s] INFO:colcon.colcon_core.shell:Creating package script '/home/jenny/2025sRobot/install/my_package/share/my_package/package.ps1'
[2.474s] INFO:colcon.colcon_core.shell:Creating package descriptor '/home/jenny/2025sRobot/install/my_package/share/my_package/package.dsv'
[2.475s] INFO:colcon.colcon_core.shell:Creating package script '/home/jenny/2025sRobot/install/my_package/share/my_package/package.sh'
[2.477s] INFO:colcon.colcon_core.shell:Creating package script '/home/jenny/2025sRobot/install/my_package/share/my_package/package.bash'
[2.478s] INFO:colcon.colcon_core.shell:Creating package script '/home/jenny/2025sRobot/install/my_package/share/my_package/package.zsh'
[2.479s] Level 1:colcon.colcon_core.environment:create_file_with_runtime_dependencies(/home/jenny/2025sRobot/install/my_package/share/colcon-core/packages/my_package)
[2.482s] Level 1:colcon.colcon_core.environment:create_environment_scripts_only(my_package)
[2.482s] Level 1:colcon.colcon_core.environment:checking '/home/jenny/2025sRobot/install/my_package' for CMake module files
[2.482s] Level 1:colcon.colcon_core.environment:checking '/home/jenny/2025sRobot/install/my_package' for CMake config files
[2.482s] Level 1:colcon.colcon_core.shell:create_environment_hook('my_package', 'cmake_prefix_path')
[2.482s] INFO:colcon.colcon_core.shell:Creating environment hook '/home/jenny/2025sRobot/install/my_package/share/my_package/hook/cmake_prefix_path.ps1'
[2.483s] INFO:colcon.colcon_core.shell:Creating environment descriptor '/home/jenny/2025sRobot/install/my_package/share/my_package/hook/cmake_prefix_path.dsv'
[2.484s] INFO:colcon.colcon_core.shell:Creating environment hook '/home/jenny/2025sRobot/install/my_package/share/my_package/hook/cmake_prefix_path.sh'
[2.484s] Level 1:colcon.colcon_core.environment:checking '/home/jenny/2025sRobot/install/my_package/bin'
[2.484s] Level 1:colcon.colcon_core.environment:checking '/home/jenny/2025sRobot/install/my_package/lib/pkgconfig/my_package.pc'
[2.485s] Level 1:colcon.colcon_core.environment:checking '/home/jenny/2025sRobot/install/my_package/lib/python3.10/site-packages'
[2.485s] Level 1:colcon.colcon_core.environment:checking '/home/jenny/2025sRobot/install/my_package/bin'
[2.485s] INFO:colcon.colcon_core.shell:Creating package script '/home/jenny/2025sRobot/install/my_package/share/my_package/package.ps1'
[2.486s] INFO:colcon.colcon_core.shell:Creating package descriptor '/home/jenny/2025sRobot/install/my_package/share/my_package/package.dsv'
[2.486s] INFO:colcon.colcon_core.shell:Creating package script '/home/jenny/2025sRobot/install/my_package/share/my_package/package.sh'
[2.487s] INFO:colcon.colcon_core.shell:Creating package script '/home/jenny/2025sRobot/install/my_package/share/my_package/package.bash'
[2.487s] INFO:colcon.colcon_core.shell:Creating package script '/home/jenny/2025sRobot/install/my_package/share/my_package/package.zsh'
[2.487s] Level 1:colcon.colcon_core.environment:create_file_with_runtime_dependencies(/home/jenny/2025sRobot/install/my_package/share/colcon-core/packages/my_package)
[7.822s] DEBUG:colcon.colcon_core.event_handler.log_command:Invoked command in '/home/jenny/2025sRobot/build/rplidar_ros' returned '0': CMAKE_PREFIX_PATH=/opt/ros/humble /usr/bin/cmake /home/jenny/2025sRobot/src/rplidar_ros -DAMENT_CMAKE_SYMLINK_INSTALL=1 -DCMAKE_INSTALL_PREFIX=/home/jenny/2025sRobot/install/rplidar_ros
[7.827s] DEBUG:colcon.colcon_core.event_handler.log_command:Invoking command in '/home/jenny/2025sRobot/build/rplidar_ros': CMAKE_PREFIX_PATH=/opt/ros/humble /usr/bin/cmake --build /home/jenny/2025sRobot/build/rplidar_ros -- -j8 -l8
[22.069s] DEBUG:colcon.colcon_core.event_handler.log_command:Invoked command in '/home/jenny/2025sRobot/build/rplidar_ros' returned '0': CMAKE_PREFIX_PATH=/opt/ros/humble /usr/bin/cmake --build /home/jenny/2025sRobot/build/rplidar_ros -- -j8 -l8
[22.076s] DEBUG:colcon.colcon_core.event_handler.log_command:Invoking command in '/home/jenny/2025sRobot/build/rplidar_ros': CMAKE_PREFIX_PATH=/opt/ros/humble /usr/bin/cmake --install /home/jenny/2025sRobot/build/rplidar_ros
[22.452s] Level 1:colcon.colcon_core.environment:create_environment_scripts_only(rplidar_ros)
[22.452s] DEBUG:colcon.colcon_core.event_handler.log_command:Invoked command in '/home/jenny/2025sRobot/build/rplidar_ros' returned '0': CMAKE_PREFIX_PATH=/opt/ros/humble /usr/bin/cmake --install /home/jenny/2025sRobot/build/rplidar_ros
[22.453s] Level 1:colcon.colcon_core.environment:checking '/home/jenny/2025sRobot/install/rplidar_ros' for CMake module files
[22.454s] Level 1:colcon.colcon_core.environment:checking '/home/jenny/2025sRobot/install/rplidar_ros' for CMake config files
[22.454s] Level 1:colcon.colcon_core.shell:create_environment_hook('rplidar_ros', 'cmake_prefix_path')
[22.455s] INFO:colcon.colcon_core.shell:Creating environment hook '/home/jenny/2025sRobot/install/rplidar_ros/share/rplidar_ros/hook/cmake_prefix_path.ps1'
[22.455s] INFO:colcon.colcon_core.shell:Creating environment descriptor '/home/jenny/2025sRobot/install/rplidar_ros/share/rplidar_ros/hook/cmake_prefix_path.dsv'
[22.456s] INFO:colcon.colcon_core.shell:Creating environment hook '/home/jenny/2025sRobot/install/rplidar_ros/share/rplidar_ros/hook/cmake_prefix_path.sh'
[22.456s] Level 1:colcon.colcon_core.environment:checking '/home/jenny/2025sRobot/install/rplidar_ros/lib'
[22.456s] Level 1:colcon.colcon_core.environment:checking '/home/jenny/2025sRobot/install/rplidar_ros/bin'
[22.457s] Level 1:colcon.colcon_core.environment:checking '/home/jenny/2025sRobot/install/rplidar_ros/lib/pkgconfig/rplidar_ros.pc'
[22.457s] Level 1:colcon.colcon_core.environment:checking '/home/jenny/2025sRobot/install/rplidar_ros/lib/python3.10/site-packages'
[22.457s] Level 1:colcon.colcon_core.environment:checking '/home/jenny/2025sRobot/install/rplidar_ros/bin'
[22.457s] INFO:colcon.colcon_core.shell:Creating package script '/home/jenny/2025sRobot/install/rplidar_ros/share/rplidar_ros/package.ps1'
[22.458s] INFO:colcon.colcon_core.shell:Creating package descriptor '/home/jenny/2025sRobot/install/rplidar_ros/share/rplidar_ros/package.dsv'
[22.458s] INFO:colcon.colcon_core.shell:Creating package script '/home/jenny/2025sRobot/install/rplidar_ros/share/rplidar_ros/package.sh'
[22.459s] INFO:colcon.colcon_core.shell:Creating package script '/home/jenny/2025sRobot/install/rplidar_ros/share/rplidar_ros/package.bash'
[22.460s] INFO:colcon.colcon_core.shell:Creating package script '/home/jenny/2025sRobot/install/rplidar_ros/share/rplidar_ros/package.zsh'
[22.461s] Level 1:colcon.colcon_core.environment:create_file_with_runtime_dependencies(/home/jenny/2025sRobot/install/rplidar_ros/share/colcon-core/packages/rplidar_ros)
[22.464s] Level 1:colcon.colcon_core.environment:create_environment_scripts_only(rplidar_ros)
[22.465s] Level 1:colcon.colcon_core.environment:checking '/home/jenny/2025sRobot/install/rplidar_ros' for CMake module files
[22.465s] Level 1:colcon.colcon_core.environment:checking '/home/jenny/2025sRobot/install/rplidar_ros' for CMake config files
[22.465s] Level 1:colcon.colcon_core.shell:create_environment_hook('rplidar_ros', 'cmake_prefix_path')
[22.465s] INFO:colcon.colcon_core.shell:Creating environment hook '/home/jenny/2025sRobot/install/rplidar_ros/share/rplidar_ros/hook/cmake_prefix_path.ps1'
[22.466s] INFO:colcon.colcon_core.shell:Creating environment descriptor '/home/jenny/2025sRobot/install/rplidar_ros/share/rplidar_ros/hook/cmake_prefix_path.dsv'
[22.466s] INFO:colcon.colcon_core.shell:Creating environment hook '/home/jenny/2025sRobot/install/rplidar_ros/share/rplidar_ros/hook/cmake_prefix_path.sh'
[22.467s] Level 1:colcon.colcon_core.environment:checking '/home/jenny/2025sRobot/install/rplidar_ros/lib'
[22.467s] Level 1:colcon.colcon_core.environment:checking '/home/jenny/2025sRobot/install/rplidar_ros/bin'
[22.467s] Level 1:colcon.colcon_core.environment:checking '/home/jenny/2025sRobot/install/rplidar_ros/lib/pkgconfig/rplidar_ros.pc'
[22.467s] Level 1:colcon.colcon_core.environment:checking '/home/jenny/2025sRobot/install/rplidar_ros/lib/python3.10/site-packages'
[22.467s] Level 1:colcon.colcon_core.environment:checking '/home/jenny/2025sRobot/install/rplidar_ros/bin'
[22.467s] INFO:colcon.colcon_core.shell:Creating package script '/home/jenny/2025sRobot/install/rplidar_ros/share/rplidar_ros/package.ps1'
[22.468s] INFO:colcon.colcon_core.shell:Creating package descriptor '/home/jenny/2025sRobot/install/rplidar_ros/share/rplidar_ros/package.dsv'
[22.468s] INFO:colcon.colcon_core.shell:Creating package script '/home/jenny/2025sRobot/install/rplidar_ros/share/rplidar_ros/package.sh'
[22.468s] INFO:colcon.colcon_core.shell:Creating package script '/home/jenny/2025sRobot/install/rplidar_ros/share/rplidar_ros/package.bash'
[22.469s] INFO:colcon.colcon_core.shell:Creating package script '/home/jenny/2025sRobot/install/rplidar_ros/share/rplidar_ros/package.zsh'
[22.469s] Level 1:colcon.colcon_core.environment:create_file_with_runtime_dependencies(/home/jenny/2025sRobot/install/rplidar_ros/share/colcon-core/packages/rplidar_ros)
[22.469s] DEBUG:colcon.colcon_parallel_executor.executor.parallel:closing loop
[22.470s] DEBUG:colcon.colcon_parallel_executor.executor.parallel:loop closed
[22.470s] DEBUG:colcon.colcon_parallel_executor.executor.parallel:run_until_complete finished with '0'
[22.470s] DEBUG:colcon.colcon_core.event_reactor:joining thread
[22.530s] INFO:colcon.colcon_core.plugin_system:Skipping extension 'colcon_notification.desktop_notification.notify_send': Could not find 'notify-send'
[22.531s] INFO:colcon.colcon_core.plugin_system:Skipping extension 'colcon_notification.desktop_notification.terminal_notifier': Not used on non-Darwin systems
[22.531s] INFO:colcon.colcon_core.plugin_system:Skipping extension 'colcon_notification.desktop_notification.win32': Not used on non-Windows systems
[22.531s] INFO:colcon.colcon_notification.desktop_notification:Sending desktop notification using 'notify2'
[22.533s] DEBUG:colcon.colcon_notification.desktop_notification.notify2:Failed to initialize notify2: org.freedesktop.DBus.Error.FileNotFound: Failed to connect to socket /run/user/1000/bus: No such file or directory
[22.533s] DEBUG:colcon.colcon_core.event_reactor:joined thread
[22.534s] INFO:colcon.colcon_core.shell:Creating prefix script '/home/jenny/2025sRobot/install/local_setup.ps1'
[22.535s] INFO:colcon.colcon_core.shell:Creating prefix util module '/home/jenny/2025sRobot/install/_local_setup_util_ps1.py'
[22.536s] INFO:colcon.colcon_core.shell:Creating prefix chain script '/home/jenny/2025sRobot/install/setup.ps1'
[22.537s] INFO:colcon.colcon_core.shell:Creating prefix script '/home/jenny/2025sRobot/install/local_setup.sh'
[22.538s] INFO:colcon.colcon_core.shell:Creating prefix util module '/home/jenny/2025sRobot/install/_local_setup_util_sh.py'
[22.538s] INFO:colcon.colcon_core.shell:Creating prefix chain script '/home/jenny/2025sRobot/install/setup.sh'
[22.539s] INFO:colcon.colcon_core.shell:Creating prefix script '/home/jenny/2025sRobot/install/local_setup.bash'
[22.540s] INFO:colcon.colcon_core.shell:Creating prefix chain script '/home/jenny/2025sRobot/install/setup.bash'
[22.541s] INFO:colcon.colcon_core.shell:Creating prefix script '/home/jenny/2025sRobot/install/local_setup.zsh'
[22.541s] INFO:colcon.colcon_core.shell:Creating prefix chain script '/home/jenny/2025sRobot/install/setup.zsh'
