[0.028s] Invoking command in '/home/krrish/summer-research-robot/build/my_robot_description': CMAKE_PREFIX_PATH=/opt/ros/humble /usr/bin/cmake /home/krrish/summer-research-robot/robot/ros2_ws/src/my_robot_description -DCMAKE_INSTALL_PREFIX=/home/krrish/summer-research-robot/install/my_robot_description
[0.296s] -- The C compiler identification is GNU 11.4.0
[0.827s] -- The CXX compiler identification is GNU 11.4.0
[1.128s] -- Detecting C compiler ABI info
[1.268s] -- Detecting C compiler ABI info - done
[1.273s] -- Check for working C compiler: /usr/bin/cc - skipped
[1.273s] -- Detecting C compile features
[1.273s] -- Detecting C compile features - done
[1.275s] -- Detecting CXX compiler ABI info
[1.464s] -- Detecting CXX compiler ABI info - done
[1.469s] -- Check for working CXX compiler: /usr/bin/c++ - skipped
[1.469s] -- Detecting CXX compile features
[1.470s] -- Detecting CXX compile features - done
[1.471s] -- Found ament_cmake: 1.3.12 (/opt/ros/humble/share/ament_cmake/cmake)
[1.571s] -- Found Python3: /usr/bin/python3 (found version "3.10.12") found components: Interpreter 
[1.679s] -- Configuring done
[1.683s] -- Generating done
[1.684s] -- Build files have been written to: /home/krrish/summer-research-robot/build/my_robot_description
[1.688s] Invoked command in '/home/krrish/summer-research-robot/build/my_robot_description' returned '0': CMAKE_PREFIX_PATH=/opt/ros/humble /usr/bin/cmake /home/krrish/summer-research-robot/robot/ros2_ws/src/my_robot_description -DCMAKE_INSTALL_PREFIX=/home/krrish/summer-research-robot/install/my_robot_description
[1.690s] Invoking command in '/home/krrish/summer-research-robot/build/my_robot_description': CMAKE_PREFIX_PATH=/opt/ros/humble /usr/bin/cmake --build /home/krrish/summer-research-robot/build/my_robot_description -- -j32 -l32
[1.713s] Invoked command in '/home/krrish/summer-research-robot/build/my_robot_description' returned '0': CMAKE_PREFIX_PATH=/opt/ros/humble /usr/bin/cmake --build /home/krrish/summer-research-robot/build/my_robot_description -- -j32 -l32
[1.714s] Invoking command in '/home/krrish/summer-research-robot/build/my_robot_description': CMAKE_PREFIX_PATH=/opt/ros/humble /usr/bin/cmake --install /home/krrish/summer-research-robot/build/my_robot_description
[1.718s] -- Install configuration: ""
[1.718s] -- Installing: /home/krrish/summer-research-robot/install/my_robot_description/share/my_robot_description//urdf
[1.719s] -- Installing: /home/krrish/summer-research-robot/install/my_robot_description/share/my_robot_description//urdf/common_properties.xacro
[1.720s] -- Installing: /home/krrish/summer-research-robot/install/my_robot_description/share/my_robot_description//urdf/my_robot.urdf.xacro
[1.720s] -- Installing: /home/krrish/summer-research-robot/install/my_robot_description/share/my_robot_description//urdf/mobile_base.xacro
[1.720s] -- Installing: /home/krrish/summer-research-robot/install/my_robot_description/share/my_robot_description//launch
[1.720s] -- Installing: /home/krrish/summer-research-robot/install/my_robot_description/share/my_robot_description//launch/display.launch.xml
[1.721s] -- Installing: /home/krrish/summer-research-robot/install/my_robot_description/share/my_robot_description//rviz
[1.721s] -- Installing: /home/krrish/summer-research-robot/install/my_robot_description/share/my_robot_description//rviz/urdf_config.rviz
[1.721s] -- Installing: /home/krrish/summer-research-robot/install/my_robot_description/share/my_robot_description//meshes
[1.722s] -- Installing: /home/krrish/summer-research-robot/install/my_robot_description/share/my_robot_description//meshes/robot_base_fixed.stl
[1.723s] -- Installing: /home/krrish/summer-research-robot/install/my_robot_description/share/my_robot_description//meshes/upper_body.stl
[1.724s] -- Installing: /home/krrish/summer-research-robot/install/my_robot_description/share/my_robot_description//meshes/robot_base.stl
[1.725s] -- Installing: /home/krrish/summer-research-robot/install/my_robot_description/share/ament_index/resource_index/package_run_dependencies/my_robot_description
[1.725s] -- Installing: /home/krrish/summer-research-robot/install/my_robot_description/share/ament_index/resource_index/parent_prefix_path/my_robot_description
[1.725s] -- Installing: /home/krrish/summer-research-robot/install/my_robot_description/share/my_robot_description/environment/ament_prefix_path.sh
[1.725s] -- Installing: /home/krrish/summer-research-robot/install/my_robot_description/share/my_robot_description/environment/ament_prefix_path.dsv
[1.725s] -- Installing: /home/krrish/summer-research-robot/install/my_robot_description/share/my_robot_description/environment/path.sh
[1.725s] -- Installing: /home/krrish/summer-research-robot/install/my_robot_description/share/my_robot_description/environment/path.dsv
[1.726s] -- Installing: /home/krrish/summer-research-robot/install/my_robot_description/share/my_robot_description/local_setup.bash
[1.726s] -- Installing: /home/krrish/summer-research-robot/install/my_robot_description/share/my_robot_description/local_setup.sh
[1.726s] -- Installing: /home/krrish/summer-research-robot/install/my_robot_description/share/my_robot_description/local_setup.zsh
[1.726s] -- Installing: /home/krrish/summer-research-robot/install/my_robot_description/share/my_robot_description/local_setup.dsv
[1.726s] -- Installing: /home/krrish/summer-research-robot/install/my_robot_description/share/my_robot_description/package.dsv
[1.726s] -- Installing: /home/krrish/summer-research-robot/install/my_robot_description/share/ament_index/resource_index/packages/my_robot_description
[1.726s] -- Installing: /home/krrish/summer-research-robot/install/my_robot_description/share/my_robot_description/cmake/my_robot_descriptionConfig.cmake
[1.726s] -- Installing: /home/krrish/summer-research-robot/install/my_robot_description/share/my_robot_description/cmake/my_robot_descriptionConfig-version.cmake
[1.726s] -- Installing: /home/krrish/summer-research-robot/install/my_robot_description/share/my_robot_description/package.xml
[1.728s] Invoked command in '/home/krrish/summer-research-robot/build/my_robot_description' returned '0': CMAKE_PREFIX_PATH=/opt/ros/humble /usr/bin/cmake --install /home/krrish/summer-research-robot/build/my_robot_description
