[0.036s] Invoking command in '/home/krrish/summer-research-robot/build/articubot_one': CMAKE_PREFIX_PATH=/opt/ros/humble /usr/bin/cmake /home/krrish/summer-research-robot/articubot_one/articubot_one -DCMAKE_INSTALL_PREFIX=/home/krrish/summer-research-robot/install/articubot_one
[0.313s] -- The C compiler identification is GNU 11.4.0
[0.699s] -- The CXX compiler identification is GNU 11.4.0
[0.958s] -- Detecting C compiler ABI info
[1.091s] -- Detecting C compiler ABI info - done
[1.096s] -- Check for working C compiler: /usr/bin/cc - skipped
[1.096s] -- Detecting C compile features
[1.097s] -- Detecting C compile features - done
[1.100s] -- Detecting CXX compiler ABI info
[1.234s] -- Detecting CXX compiler ABI info - done
[1.239s] -- Check for working CXX compiler: /usr/bin/c++ - skipped
[1.239s] -- Detecting CXX compile features
[1.239s] -- Detecting CXX compile features - done
[1.260s] -- Found ament_cmake: 1.3.12 (/opt/ros/humble/share/ament_cmake/cmake)
[1.373s] -- Found Python3: /usr/bin/python3 (found version "3.10.12") found components: Interpreter 
[1.463s] -- Found ament_lint_auto: 0.12.14 (/opt/ros/humble/share/ament_lint_auto/cmake)
[1.529s] -- Added test 'copyright' to check source files copyright and LICENSE
[1.532s] -- Added test 'flake8' to check Python code syntax and style conventions
[1.533s] -- Added test 'lint_cmake' to check CMake code style
[1.534s] -- Added test 'pep257' to check Python code against some of the docstring style conventions in PEP 257
[1.535s] -- Added test 'xmllint' to check XML markup files
[1.537s] -- Configuring done
[1.540s] -- Generating done
[1.542s] -- Build files have been written to: /home/krrish/summer-research-robot/build/articubot_one
[1.545s] Invoked command in '/home/krrish/summer-research-robot/build/articubot_one' returned '0': CMAKE_PREFIX_PATH=/opt/ros/humble /usr/bin/cmake /home/krrish/summer-research-robot/articubot_one/articubot_one -DCMAKE_INSTALL_PREFIX=/home/krrish/summer-research-robot/install/articubot_one
[1.547s] Invoking command in '/home/krrish/summer-research-robot/build/articubot_one': CMAKE_PREFIX_PATH=/opt/ros/humble /usr/bin/cmake --build /home/krrish/summer-research-robot/build/articubot_one -- -j32 -l32
[1.571s] Invoked command in '/home/krrish/summer-research-robot/build/articubot_one' returned '0': CMAKE_PREFIX_PATH=/opt/ros/humble /usr/bin/cmake --build /home/krrish/summer-research-robot/build/articubot_one -- -j32 -l32
[1.580s] Invoking command in '/home/krrish/summer-research-robot/build/articubot_one': CMAKE_PREFIX_PATH=/opt/ros/humble /usr/bin/cmake --install /home/krrish/summer-research-robot/build/articubot_one
[1.582s] -- Install configuration: ""
[1.582s] -- Installing: /home/krrish/summer-research-robot/install/articubot_one/share/articubot_one/config
[1.583s] -- Installing: /home/krrish/summer-research-robot/install/articubot_one/share/articubot_one/config/twist_mux.yaml
[1.583s] -- Installing: /home/krrish/summer-research-robot/install/articubot_one/share/articubot_one/config/drive_bot.rviz
[1.584s] -- Installing: /home/krrish/summer-research-robot/install/articubot_one/share/articubot_one/config/nav2_params.yaml
[1.584s] -- Installing: /home/krrish/summer-research-robot/install/articubot_one/share/articubot_one/config/map.rviz
[1.584s] -- Installing: /home/krrish/summer-research-robot/install/articubot_one/share/articubot_one/config/my_controllers.yaml
[1.585s] -- Installing: /home/krrish/summer-research-robot/install/articubot_one/share/articubot_one/config/gazebo_params.yaml
[1.585s] -- Installing: /home/krrish/summer-research-robot/install/articubot_one/share/articubot_one/config/gaz_ros2_ctl_use_sim.yaml
[1.585s] -- Installing: /home/krrish/summer-research-robot/install/articubot_one/share/articubot_one/config/ball_tracker_params_sim.yaml
[1.586s] -- Installing: /home/krrish/summer-research-robot/install/articubot_one/share/articubot_one/config/main.rviz
[1.586s] -- Installing: /home/krrish/summer-research-robot/install/articubot_one/share/articubot_one/config/joystick.yaml
[1.587s] -- Installing: /home/krrish/summer-research-robot/install/articubot_one/share/articubot_one/config/mapper_params_online_async.yaml
[1.587s] -- Installing: /home/krrish/summer-research-robot/install/articubot_one/share/articubot_one/config/view_bot.rviz
[1.587s] -- Installing: /home/krrish/summer-research-robot/install/articubot_one/share/articubot_one/config/ball_tracker_params_robot.yaml
[1.588s] -- Installing: /home/krrish/summer-research-robot/install/articubot_one/share/articubot_one/config/empty.yaml
[1.588s] -- Installing: /home/krrish/summer-research-robot/install/articubot_one/share/articubot_one/description
[1.588s] -- Installing: /home/krrish/summer-research-robot/install/articubot_one/share/articubot_one/description/ros2_control.xacro
[1.589s] -- Installing: /home/krrish/summer-research-robot/install/articubot_one/share/articubot_one/description/gazebo_control.xacro
[1.589s] -- Installing: /home/krrish/summer-research-robot/install/articubot_one/share/articubot_one/description/camera.xacro
[1.590s] -- Installing: /home/krrish/summer-research-robot/install/articubot_one/share/articubot_one/description/robot.urdf.xacro
[1.590s] -- Installing: /home/krrish/summer-research-robot/install/articubot_one/share/articubot_one/description/inertial_macros.xacro
[1.590s] -- Installing: /home/krrish/summer-research-robot/install/articubot_one/share/articubot_one/description/depth_camera.xacro
[1.591s] -- Installing: /home/krrish/summer-research-robot/install/articubot_one/share/articubot_one/description/lidar.xacro
[1.591s] -- Installing: /home/krrish/summer-research-robot/install/articubot_one/share/articubot_one/description/robot_core.xacro
[1.591s] -- Installing: /home/krrish/summer-research-robot/install/articubot_one/share/articubot_one/description/face.xacro
[1.592s] -- Installing: /home/krrish/summer-research-robot/install/articubot_one/share/articubot_one/launch
[1.592s] -- Installing: /home/krrish/summer-research-robot/install/articubot_one/share/articubot_one/launch/online_async_launch.py
[1.592s] -- Installing: /home/krrish/summer-research-robot/install/articubot_one/share/articubot_one/launch/rsp.launch.py
[1.593s] -- Installing: /home/krrish/summer-research-robot/install/articubot_one/share/articubot_one/launch/rplidar.launch.py
[1.593s] -- Installing: /home/krrish/summer-research-robot/install/articubot_one/share/articubot_one/launch/launch_sim.launch.py
[1.593s] -- Installing: /home/krrish/summer-research-robot/install/articubot_one/share/articubot_one/launch/localization_launch.py
[1.594s] -- Installing: /home/krrish/summer-research-robot/install/articubot_one/share/articubot_one/launch/ball_tracker.launch.py
[1.594s] -- Installing: /home/krrish/summer-research-robot/install/articubot_one/share/articubot_one/launch/joystick.launch.py
[1.595s] -- Installing: /home/krrish/summer-research-robot/install/articubot_one/share/articubot_one/launch/launch_robot.launch.py
[1.595s] -- Installing: /home/krrish/summer-research-robot/install/articubot_one/share/articubot_one/launch/camera.launch.py
[1.596s] -- Installing: /home/krrish/summer-research-robot/install/articubot_one/share/articubot_one/launch/navigation_launch.py
[1.596s] -- Installing: /home/krrish/summer-research-robot/install/articubot_one/share/articubot_one/worlds
[1.596s] -- Installing: /home/krrish/summer-research-robot/install/articubot_one/share/articubot_one/worlds/empty.world
[1.596s] -- Installing: /home/krrish/summer-research-robot/install/articubot_one/share/articubot_one/worlds/obstacles.world
[1.598s] -- Installing: /home/krrish/summer-research-robot/install/articubot_one/share/ament_index/resource_index/package_run_dependencies/articubot_one
[1.598s] -- Installing: /home/krrish/summer-research-robot/install/articubot_one/share/ament_index/resource_index/parent_prefix_path/articubot_one
[1.598s] -- Installing: /home/krrish/summer-research-robot/install/articubot_one/share/articubot_one/environment/ament_prefix_path.sh
[1.598s] -- Installing: /home/krrish/summer-research-robot/install/articubot_one/share/articubot_one/environment/ament_prefix_path.dsv
[1.598s] -- Installing: /home/krrish/summer-research-robot/install/articubot_one/share/articubot_one/environment/path.sh
[1.598s] -- Installing: /home/krrish/summer-research-robot/install/articubot_one/share/articubot_one/environment/path.dsv
[1.598s] -- Installing: /home/krrish/summer-research-robot/install/articubot_one/share/articubot_one/local_setup.bash
[1.598s] -- Installing: /home/krrish/summer-research-robot/install/articubot_one/share/articubot_one/local_setup.sh
[1.598s] -- Installing: /home/krrish/summer-research-robot/install/articubot_one/share/articubot_one/local_setup.zsh
[1.598s] -- Installing: /home/krrish/summer-research-robot/install/articubot_one/share/articubot_one/local_setup.dsv
[1.598s] -- Installing: /home/krrish/summer-research-robot/install/articubot_one/share/articubot_one/package.dsv
[1.598s] -- Installing: /home/krrish/summer-research-robot/install/articubot_one/share/ament_index/resource_index/packages/articubot_one
[1.598s] -- Installing: /home/krrish/summer-research-robot/install/articubot_one/share/articubot_one/cmake/articubot_oneConfig.cmake
[1.599s] -- Installing: /home/krrish/summer-research-robot/install/articubot_one/share/articubot_one/cmake/articubot_oneConfig-version.cmake
[1.599s] -- Installing: /home/krrish/summer-research-robot/install/articubot_one/share/articubot_one/package.xml
[1.600s] Invoked command in '/home/krrish/summer-research-robot/build/articubot_one' returned '0': CMAKE_PREFIX_PATH=/opt/ros/humble /usr/bin/cmake --install /home/krrish/summer-research-robot/build/articubot_one
